<?xml version="1.0" encoding="UTF-8"?>
<testsuite name="MyJunit" tests="1" skipped="0" failures="0" errors="0" timestamp="2022-01-16T18:54:42" hostname="DESKTOP-O6THEL9" time="23.605">
  <properties/>
  <testcase name="doubleClickButton" classname="MyJunit" time="23.605"/>
  <system-out><![CDATA[]]></system-out>
  <system-err><![CDATA[SLF4J: Failed to load class "org.slf4j.impl.StaticLoggerBinder".
SLF4J: Defaulting to no-operation (NOP) logger implementation
SLF4J: See http://www.slf4j.org/codes.html#StaticLoggerBinder for further details.
1642359284177	geckodriver	INFO	Listening on 127.0.0.1:55988
1642359284868	mozrunner::runner	INFO	Running command: "C:\\Program Files (x86)\\Mozilla Firefox\\firefox.exe" "--marionette" "--headed" "--remote-debugging-port" "49700" "-no-remote" "-profile" "C:\\Users\\User\\AppData\\Local\\Temp\\rust_mozprofileIJQ6Wx"
1642359290326	Marionette	INFO	Marionette enabled
console.warn: SearchSettings: "get: No settings file exists, new profile?" (new NotFoundError("Could not open the file at C:\\Users\\User\\AppData\\Local\\Temp\\rust_mozprofileIJQ6Wx\\search.json.mozlz4", (void 0)))
DevTools listening on ws://localhost:49700/devtools/browser/0bc4be84-57a4-42f0-a02f-d9037dc276a4
1642359297645	Marionette	INFO	Listening on port 63212
1642359298259	RemoteAgent	WARN	TLS certificate errors will be ignored for this session
Jan 17, 2022 12:54:58 AM org.openqa.selenium.remote.ProtocolHandshake createSession
INFO: Detected dialect: W3C
]]></system-err>
</testsuite>
